<?xml version="1.0" encoding="UTF-8"?>
<!-- Generated by org.testng.reporters.JUnitReportReporter -->
<testsuite hostname="DESKTOP-TE5SVVB" failures="0" tests="3" name="testng.Crossbrowsertesting" time="5.913" errors="0" timestamp="2023-09-20T12:51:09 IST" skipped="0">
  <testcase classname="testng.Crossbrowsertesting" name="fb" time="2.137"/>
  <testcase classname="testng.Crossbrowsertesting" name="fb" time="1.384"/>
  <testcase classname="testng.Crossbrowsertesting" name="fb" time="2.392"/>
</testsuite> <!-- testng.Crossbrowsertesting -->
