<?xml version="1.0" encoding="UTF-8"?>
<!-- Generated by org.testng.reporters.JUnitReportReporter -->
<testsuite hostname="DESKTOP-TE5SVVB" failures="0" tests="1" name="testng.DragandDrop" time="4.863" errors="0" timestamp="2023-09-23T12:12:58 IST" skipped="0">
  <testcase classname="testng.DragandDrop" name="test" time="4.863"/>
</testsuite> <!-- testng.DragandDrop -->
