<?xml version="1.0" encoding="UTF-8"?>
<!-- Generated by org.testng.reporters.JUnitReportReporter -->
<testsuite hostname="DESKTOP-TE5SVVB" failures="0" tests="1" name="testng.Task_demosite" time="24.355" errors="0" timestamp="2023-09-21T13:15:26 IST" skipped="0">
  <testcase classname="testng.Task_demosite" name="test" time="24.355"/>
</testsuite> <!-- testng.Task_demosite -->
