<?xml version="1.0" encoding="UTF-8"?>
<!-- Generated by org.testng.reporters.JUnitReportReporter -->
<testsuite hostname="DESKTOP-TE5SVVB" failures="0" tests="1" name="test.Fblogintest_pagefactory" time="4.424" errors="0" timestamp="2023-10-09T12:47:53 IST" skipped="0">
  <testcase classname="test.Fblogintest_pagefactory" name="testlogin" time="4.424"/>
</testsuite> <!-- test.Fblogintest_pagefactory -->
