<?xml version="1.0" encoding="UTF-8"?>
<!-- Generated by org.testng.reporters.JUnitReportReporter -->
<testsuite hostname="DESKTOP-TE5SVVB" failures="0" tests="1" name="practice.Yatra_tagname" time="4.457" errors="0" timestamp="2023-09-30T13:31:12 IST" skipped="0">
  <testcase classname="practice.Yatra_tagname" name="test" time="4.457"/>
</testsuite> <!-- practice.Yatra_tagname -->
