<?xml version="1.0" encoding="UTF-8"?>
<!-- Generated by org.testng.reporters.JUnitReportReporter -->
<testsuite hostname="DESKTOP-TE5SVVB" failures="0" tests="1" name="testng.FileUpload" time="5.882" errors="0" timestamp="2023-09-25T12:47:44 IST" skipped="0">
  <testcase classname="testng.FileUpload" name="test" time="5.882"/>
</testsuite> <!-- testng.FileUpload -->
