<?xml version="1.0" encoding="UTF-8"?>
<!-- Generated by org.testng.reporters.JUnitReportReporter -->
<testsuite hostname="DESKTOP-TE5SVVB" failures="0" tests="1" name="testng.Sample" time="7.558" errors="0" timestamp="2023-10-06T22:16:55 IST" skipped="0">
  <testcase classname="testng.Sample" name="test" time="7.558"/>
</testsuite> <!-- testng.Sample -->
