<?xml version="1.0" encoding="UTF-8"?>
<!-- Generated by org.testng.reporters.JUnitReportReporter -->
<testsuite hostname="DESKTOP-TE5SVVB" failures="0" tests="1" name="testng.Windowhandlepgm" time="16.341" errors="0" timestamp="2023-09-26T12:20:56 IST" skipped="0">
  <testcase classname="testng.Windowhandlepgm" name="windowhandle" time="16.341"/>
</testsuite> <!-- testng.Windowhandlepgm -->
