<?xml version="1.0" encoding="UTF-8"?>
<!-- Generated by org.testng.reporters.JUnitReportReporter -->
<testsuite hostname="DESKTOP-TE5SVVB" failures="0" tests="1" name="practice.Opencart_actionsendkeys" time="3.603" errors="0" timestamp="2023-10-01T13:12:58 IST" skipped="0">
  <testcase classname="practice.Opencart_actionsendkeys" name="test" time="3.603"/>
</testsuite> <!-- practice.Opencart_actionsendkeys -->
