<?xml version="1.0" encoding="UTF-8"?>
<!-- Generated by org.testng.reporters.JUnitReportReporter -->
<testsuite hostname="DESKTOP-TE5SVVB" failures="0" tests="1" name="test.Demotest" time="2.421" errors="0" timestamp="2023-10-03T20:30:58 IST" skipped="0">
  <testcase classname="test.Demotest" name="test" time="2.421"/>
</testsuite> <!-- test.Demotest -->
