<?xml version="1.0" encoding="UTF-8"?>
<!-- Generated by org.testng.reporters.JUnitReportReporter -->
<testsuite hostname="DESKTOP-TE5SVVB" failures="0" tests="1" name="practice.Yatra_select" time="2.873" errors="0" timestamp="2023-09-30T19:49:11 IST" skipped="0">
  <testcase classname="practice.Yatra_select" name="test" time="2.873"/>
</testsuite> <!-- practice.Yatra_select -->
