<?xml version="1.0" encoding="UTF-8"?>
<!-- Generated by org.testng.reporters.JUnitReportReporter -->
<testsuite hostname="DESKTOP-TE5SVVB" failures="0" tests="1" name="practice.Yatra_movetoelementandwindowhandle" time="11.251" errors="0" timestamp="2023-10-01T14:13:01 IST" skipped="0">
  <testcase classname="practice.Yatra_movetoelementandwindowhandle" name="test" time="11.251"/>
</testsuite> <!-- practice.Yatra_movetoelementandwindowhandle -->
