<?xml version="1.0" encoding="UTF-8"?>
<!-- Generated by org.testng.reporters.JUnitReportReporter -->
<testsuite hostname="DESKTOP-TE5SVVB" failures="0" tests="1" name="practice.Yatra_Screenshot" time="17.378" errors="0" timestamp="2023-09-30T19:15:41 IST" skipped="0">
  <testcase classname="practice.Yatra_Screenshot" name="test" time="17.378"/>
</testsuite> <!-- practice.Yatra_Screenshot -->
