<?xml version="1.0" encoding="UTF-8"?>
<!-- Generated by org.testng.reporters.JUnitReportReporter -->
<testsuite hostname="DESKTOP-TE5SVVB" failures="0" tests="1" name="testng.Task_urlvalidation" time="4.308" errors="0" timestamp="2023-10-09T15:05:15 IST" skipped="0">
  <testcase classname="testng.Task_urlvalidation" name="test" time="4.308"/>
</testsuite> <!-- testng.Task_urlvalidation -->
