<?xml version="1.0" encoding="UTF-8"?>
<!-- Generated by org.testng.reporters.JUnitReportReporter -->
<testsuite hostname="DESKTOP-TE5SVVB" failures="0" tests="1" name="testng.MoveToelement" time="5.216" errors="0" timestamp="2023-09-28T23:24:21 IST" skipped="0">
  <testcase classname="testng.MoveToelement" name="test" time="5.216"/>
</testsuite> <!-- testng.MoveToelement -->
