<?xml version="1.0" encoding="UTF-8"?>
<!-- Generated by org.testng.reporters.JUnitReportReporter -->
<testsuite hostname="DESKTOP-TE5SVVB" failures="0" tests="1" name="testng.ScrollDown" time="3.084" errors="0" timestamp="2023-09-25T12:25:04 IST" skipped="0">
  <testcase classname="testng.ScrollDown" name="test" time="3.084"/>
</testsuite> <!-- testng.ScrollDown -->
