<?xml version="1.0" encoding="UTF-8"?>
<!-- Generated by org.testng.reporters.JUnitReportReporter -->
<testsuite hostname="DESKTOP-TE5SVVB" failures="0" tests="1" name="practice.Yatra_movetoelement" time="14.354" errors="0" timestamp="2023-10-01T14:00:14 IST" skipped="0">
  <testcase classname="practice.Yatra_movetoelement" name="test" time="14.354"/>
</testsuite> <!-- practice.Yatra_movetoelement -->
