<?xml version="1.0" encoding="UTF-8"?>
<!-- Generated by org.testng.reporters.JUnitReportReporter -->
<testsuite hostname="DESKTOP-TE5SVVB" failures="0" tests="1" name="testng.Fileupload2" time="8.349" errors="0" timestamp="2023-09-25T13:14:43 IST" skipped="0">
  <testcase classname="testng.Fileupload2" name="test" time="8.349"/>
</testsuite> <!-- testng.Fileupload2 -->
