<?xml version="1.0" encoding="UTF-8"?>
<!-- Generated by org.testng.reporters.JUnitReportReporter -->
<testsuite hostname="DESKTOP-TE5SVVB" failures="0" tests="1" name="practice.Yatra_isdispl_selected" time="3.968" errors="0" timestamp="2023-09-30T14:02:53 IST" skipped="0">
  <testcase classname="practice.Yatra_isdispl_selected" name="test" time="3.968"/>
</testsuite> <!-- practice.Yatra_isdispl_selected -->
