<?xml version="1.0" encoding="UTF-8"?>
<!-- Generated by org.testng.reporters.JUnitReportReporter -->
<testsuite hostname="DESKTOP-TE5SVVB" failures="0" tests="1" name="practice.Yatra_xpath" time="7.564" errors="0" timestamp="2023-09-30T13:23:13 IST" skipped="0">
  <testcase classname="practice.Yatra_xpath" name="test" time="7.564"/>
</testsuite> <!-- practice.Yatra_xpath -->
