<?xml version="1.0" encoding="UTF-8"?>
<!-- Generated by org.testng.reporters.JUnitReportReporter -->
<testsuite hostname="DESKTOP-TE5SVVB" failures="0" tests="1" name="practice.Fileupload3" time="20.629" errors="0" timestamp="2023-10-02T12:23:37 IST" skipped="0">
  <testcase classname="practice.Fileupload3" name="file" time="20.629"/>
</testsuite> <!-- practice.Fileupload3 -->
