<?xml version="1.0" encoding="UTF-8"?>
<!-- Generated by org.testng.reporters.JUnitReportReporter -->
<testsuite hostname="DESKTOP-TE5SVVB" failures="0" tests="1" name="testng.NewWindow" time="10.738" errors="0" timestamp="2023-09-26T13:06:00 IST" skipped="0">
  <testcase classname="testng.NewWindow" name="newwindow" time="10.738"/>
</testsuite> <!-- testng.NewWindow -->
