<?xml version="1.0" encoding="UTF-8"?>
<!-- Generated by org.testng.reporters.JUnitReportReporter -->
<testsuite hostname="DESKTOP-TE5SVVB" failures="0" tests="1" name="testng.Parametertest" time="0.007" errors="0" timestamp="2023-09-20T12:03:10 IST" skipped="0">
  <testcase classname="testng.Parametertest" name="main" time="0.007"/>
</testsuite> <!-- testng.Parametertest -->
