<?xml version="1.0" encoding="UTF-8"?>
<!-- Generated by org.testng.reporters.JUnitReportReporter -->
<testsuite hostname="DESKTOP-TE5SVVB" failures="0" tests="1" name="testng.Task_amazon_windowhandle" time="21.187" errors="0" timestamp="2023-09-27T11:03:18 IST" skipped="0">
  <testcase classname="testng.Task_amazon_windowhandle" name="windowhandle" time="21.187"/>
</testsuite> <!-- testng.Task_amazon_windowhandle -->
