<?xml version="1.0" encoding="UTF-8"?>
<!-- Generated by org.testng.reporters.JUnitReportReporter -->
<testsuite hostname="DESKTOP-TE5SVVB" failures="0" tests="1" name="testng.Actionpgm" time="2.919" errors="0" timestamp="2023-09-21T12:27:53 IST" skipped="0">
  <testcase classname="testng.Actionpgm" name="test" time="2.919"/>
</testsuite> <!-- testng.Actionpgm -->
