<?xml version="1.0" encoding="UTF-8"?>
<!-- Generated by org.testng.reporters.JUnitReportReporter -->
<testsuite hostname="DESKTOP-TE5SVVB" failures="0" tests="4" name="testng.TestNgGrouping" time="0.018" errors="0" timestamp="2023-09-20T12:14:20 IST" skipped="0">
  <testcase classname="testng.TestNgGrouping" name="main4" time="0.002"/>
  <testcase classname="testng.TestNgGrouping" name="main1" time="0.011"/>
  <testcase classname="testng.TestNgGrouping" name="main3" time="0.003"/>
  <testcase classname="testng.TestNgGrouping" name="main5" time="0.002"/>
</testsuite> <!-- testng.TestNgGrouping -->
