<?xml version="1.0" encoding="UTF-8"?>
<!-- Generated by org.testng.reporters.JUnitReportReporter -->
<testsuite hostname="DESKTOP-TE5SVVB" failures="0" tests="2" name="practice.Yatra_testing" time="5.016" errors="0" timestamp="2023-09-30T12:40:02 IST" skipped="0">
  <testcase classname="practice.Yatra_testing" name="test2" time="4.331"/>
  <testcase classname="practice.Yatra_testing" name="test" time="0.685"/>
</testsuite> <!-- practice.Yatra_testing -->
