<?xml version="1.0" encoding="UTF-8"?>
<!-- Generated by org.testng.reporters.JUnitReportReporter -->
<testsuite hostname="DESKTOP-TE5SVVB" failures="0" tests="5" name="testng.Testngdemo" time="0.017" errors="0" timestamp="2023-09-19T12:46:18 IST" skipped="1">
  <testcase classname="testng.Testngdemo" name="test3" time="0.003"/>
  <testcase classname="testng.Testngdemo" name="test1" time="0.003"/>
  <testcase classname="testng.Testngdemo" name="test1" time="0.002"/>
  <testcase classname="testng.Testngdemo" name="test1" time="0.009"/>
  <testcase classname="testng.Testngdemo" name="test2">
    <skipped/>
  </testcase> <!-- test2 -->
</testsuite> <!-- testng.Testngdemo -->
