<?xml version="1.0" encoding="UTF-8"?>
<!-- Generated by org.testng.reporters.JUnitReportReporter -->
<testsuite hostname="DESKTOP-TE5SVVB" failures="0" tests="1" name="testng.Task_data_driven" time="12.049" errors="0" timestamp="2023-10-07T21:58:51 IST" skipped="0">
  <testcase classname="testng.Task_data_driven" name="main" time="12.049"/>
</testsuite> <!-- testng.Task_data_driven -->
