<?xml version="1.0" encoding="UTF-8"?>
<!-- Generated by org.testng.reporters.JUnitReportReporter -->
<testsuite hostname="DESKTOP-TE5SVVB" failures="0" tests="1" name="practice.Yatra_locators" time="4.173" errors="0" timestamp="2023-09-30T12:59:49 IST" skipped="0">
  <testcase classname="practice.Yatra_locators" name="test" time="4.173"/>
</testsuite> <!-- practice.Yatra_locators -->
